0 info it worked if it ends with ok
1 verbose cli [ '/usr/local/opt/nvm/versions/node/v6.0.0/bin/node',
1 verbose cli   '/usr/local/opt/nvm/versions/node/v6.0.0/bin/npm',
1 verbose cli   'install',
1 verbose cli   '-g',
1 verbose cli   'pubstorm' ]
2 info using npm@3.8.6
3 info using node@v6.0.0
4 silly loadCurrentTree Starting
5 silly install loadCurrentTree
6 silly install readGlobalPackageData
7 silly fetchPackageMetaData pubstorm
8 silly fetchNamedPackageData pubstorm
9 silly mapToRegistry name pubstorm
10 silly mapToRegistry using default registry
11 silly mapToRegistry registry https://registry.npmjs.org/
12 silly mapToRegistry data Result {
12 silly mapToRegistry   raw: 'pubstorm',
12 silly mapToRegistry   scope: null,
12 silly mapToRegistry   name: 'pubstorm',
12 silly mapToRegistry   rawSpec: '',
12 silly mapToRegistry   spec: 'latest',
12 silly mapToRegistry   type: 'tag' }
13 silly mapToRegistry uri https://registry.npmjs.org/pubstorm
14 verbose request uri https://registry.npmjs.org/pubstorm
15 verbose request no auth needed
16 info attempt registry request try #1 at 7:43:43 PM
17 verbose request id 2730a0d4589d4430
18 verbose etag "A7UVO5YAS28ZMG9XT8A382RON"
19 http request GET https://registry.npmjs.org/pubstorm
20 http 304 https://registry.npmjs.org/pubstorm
21 verbose headers { date: 'Mon, 18 Jul 2016 19:43:43 GMT',
21 verbose headers   via: '1.1 varnish',
21 verbose headers   'cache-control': 'max-age=300',
21 verbose headers   etag: '"A7UVO5YAS28ZMG9XT8A382RON"',
21 verbose headers   age: '0',
21 verbose headers   connection: 'keep-alive',
21 verbose headers   'x-served-by': 'cache-iad2632-IAD',
21 verbose headers   'x-cache': 'HIT',
21 verbose headers   'x-cache-hits': '1',
21 verbose headers   'x-timer': 'S1468871023.235705,VS0,VE76',
21 verbose headers   vary: 'Accept-Encoding' }
22 silly get cb [ 304,
22 silly get   { date: 'Mon, 18 Jul 2016 19:43:43 GMT',
22 silly get     via: '1.1 varnish',
22 silly get     'cache-control': 'max-age=300',
22 silly get     etag: '"A7UVO5YAS28ZMG9XT8A382RON"',
22 silly get     age: '0',
22 silly get     connection: 'keep-alive',
22 silly get     'x-served-by': 'cache-iad2632-IAD',
22 silly get     'x-cache': 'HIT',
22 silly get     'x-cache-hits': '1',
22 silly get     'x-timer': 'S1468871023.235705,VS0,VE76',
22 silly get     vary: 'Accept-Encoding' } ]
23 verbose etag https://registry.npmjs.org/pubstorm from cache
24 verbose get saving pubstorm to /home/nitrous/.npm/registry.npmjs.org/pubstorm/.cache.json
25 verbose correctMkdir /home/nitrous/.npm correctMkdir not in flight; initializing
26 silly install normalizeTree
27 silly loadCurrentTree Finishing
28 silly loadIdealTree Starting
29 silly install loadIdealTree
30 silly cloneCurrentTree Starting
31 silly install cloneCurrentTreeToIdealTree
32 silly cloneCurrentTree Finishing
33 silly loadShrinkwrap Starting
34 silly install loadShrinkwrap
35 silly loadShrinkwrap Finishing
36 silly loadAllDepsIntoIdealTree Starting
37 silly install loadAllDepsIntoIdealTree
38 silly resolveWithNewModule pubstorm@0.2.0 checking installable status
39 silly cache add args [ 'pubstorm', null ]
40 verbose cache add spec pubstorm
41 silly cache add parsed spec Result {
41 silly cache add   raw: 'pubstorm',
41 silly cache add   scope: null,
41 silly cache add   name: 'pubstorm',
41 silly cache add   rawSpec: '',
41 silly cache add   spec: 'latest',
41 silly cache add   type: 'tag' }
42 silly addNamed pubstorm@latest
43 verbose addNamed "latest" is being treated as a dist-tag for pubstorm
44 info addNameTag [ 'pubstorm', 'latest' ]
45 silly mapToRegistry name pubstorm
46 silly mapToRegistry using default registry
47 silly mapToRegistry registry https://registry.npmjs.org/
48 silly mapToRegistry data Result {
48 silly mapToRegistry   raw: 'pubstorm',
48 silly mapToRegistry   scope: null,
48 silly mapToRegistry   name: 'pubstorm',
48 silly mapToRegistry   rawSpec: '',
48 silly mapToRegistry   spec: 'latest',
48 silly mapToRegistry   type: 'tag' }
49 silly mapToRegistry uri https://registry.npmjs.org/pubstorm
50 verbose addNameTag registry:https://registry.npmjs.org/pubstorm not in flight; fetching
51 verbose get https://registry.npmjs.org/pubstorm not expired, no request
52 silly addNameTag next cb for pubstorm with tag latest
53 silly addNamed pubstorm@0.2.0
54 verbose addNamed "0.2.0" is a plain semver version for pubstorm
55 silly cache afterAdd pubstorm@0.2.0
56 verbose afterAdd /home/nitrous/.npm/pubstorm/0.2.0/package/package.json not in flight; writing
57 verbose correctMkdir /home/nitrous/.npm correctMkdir not in flight; initializing
58 verbose afterAdd /home/nitrous/.npm/pubstorm/0.2.0/package/package.json written
59 silly loadAllDepsIntoIdealTree Finishing
60 silly idealTree:prePrune lib
60 silly idealTree:prePrune └── pubstorm@0.2.0
61 silly loadIdealTree Finishing
62 silly currentTree lib
62 silly currentTree └── pubstorm@0.1.2
63 silly idealTree lib
63 silly idealTree └── pubstorm@0.2.0
64 silly generateActionsToTake Starting
65 silly install generateActionsToTake
66 warn checkPermissions Missing write access to /usr/local/opt/nvm/versions/node/v6.0.0/lib/node_modules/pubstorm
67 silly rollbackFailedOptional Starting
68 silly rollbackFailedOptional Finishing
69 silly runTopLevelLifecycles Starting
70 silly runTopLevelLifecycles Finishing
71 silly install printInstalled
72 verbose stack Error: EACCES: permission denied, access '/usr/local/opt/nvm/versions/node/v6.0.0/lib/node_modules/pubstorm'
72 verbose stack     at Error (native)
73 verbose cwd /home/nitrous/code/example
74 error Linux 4.2.0-35-generic
75 error argv "/usr/local/opt/nvm/versions/node/v6.0.0/bin/node" "/usr/local/opt/nvm/versions/node/v6.0.0/bin/npm" "install" "-g" "pubstorm"
76 error node v6.0.0
77 error npm  v3.8.6
78 error path /usr/local/opt/nvm/versions/node/v6.0.0/lib/node_modules/pubstorm
79 error code EACCES
80 error errno -13
81 error syscall access
82 error Error: EACCES: permission denied, access '/usr/local/opt/nvm/versions/node/v6.0.0/lib/node_modules/pubstorm'
82 error     at Error (native)
82 error  { Error: EACCES: permission denied, access '/usr/local/opt/nvm/versions/node/v6.0.0/lib/node_modules/pubstorm'
82 error     at Error (native)
82 error   errno: -13,
82 error   code: 'EACCES',
82 error   syscall: 'access',
82 error   path: '/usr/local/opt/nvm/versions/node/v6.0.0/lib/node_modules/pubstorm' }
83 error Please try running this command again as root/Administrator.
84 verbose exit [ -13, true ]
